<?xml version="1.0" encoding="UTF-8"?>
<!-- Generated by org.testng.reporters.JUnitReportReporter -->
<testsuite hostname="DESKTOP-POUQ0L1" failures="0" tests="3" name="iNews.Berita.TestcasePOM" time="40.822" errors="0" timestamp="2022-04-01T19:34:07 ICT" skipped="0">
  <testcase classname="iNews.Berita.TestcasePOM" name="test1" time="16.794"/>
  <system-out/>
  <testcase classname="iNews.Berita.TestcasePOM" name="test2" time="22.006"/>
  <system-out/>
  <testcase classname="iNews.Berita.TestcasePOM" name="test3" time="2.022"/>
  <system-out/>
</testsuite> <!-- iNews.Berita.TestcasePOM -->
