<?xml version="1.0" encoding="UTF-8"?>
<!-- Generated by org.testng.reporters.JUnitReportReporter -->
<testsuite hostname="DESKTOP-POUQ0L1" failures="0" tests="3" name="iNews.Berita.Testcase" time="41.695" errors="0" timestamp="2022-04-01T18:13:35 ICT" skipped="0">
  <testcase classname="iNews.Berita.Testcase" name="test1" time="25.625"/>
  <system-out/>
  <testcase classname="iNews.Berita.Testcase" name="test2" time="13.945"/>
  <system-out/>
  <testcase classname="iNews.Berita.Testcase" name="test3" time="2.125"/>
  <system-out/>
</testsuite> <!-- iNews.Berita.Testcase -->
